
https://divar.ir/v/b3coLp8X3?ref=telegram
https://divar.ir/v/8KW-F3e5m?ref=telegram
https://divar.ir/v/EFnfkZiVz?ref=telegram
https://divar.ir/v/UBh0fj7Po?ref=telegram
https://divar.ir/v/8qhhnLvE1?ref=telegram
https://divar.ir/v/k2NRcLe6K?ref=telegram
https://divar.ir/v/4cS3SRQDL?ref=telegram
https://divar.ir/v/au8ZdmC0k?ref=telegram
https://divar.ir/v/8eepMDhBE?ref=telegram
https://divar.ir/v/c4MaWQzQ6?ref=telegram
https://divar.ir/v/qBvwiSFJd?ref=telegram
https://divar.ir/v/p7Kx-q5X2?ref=telegram
https://divar.ir/v/UQmyqsbud?ref=telegram
https://divar.ir/v/JvzAMjL7-?ref=telegram
https://divar.ir/v/733xavM0q?ref=telegram
https://divar.ir/v/mVfN3rfKP?ref=telegram
https://divar.ir/v/VCk_rRhoF?ref=telegram
https://divar.ir/v/HbJngdQFp?ref=telegram
https://divar.ir/v/-FLcR8tNV?ref=telegram
https://divar.ir/v/QP5lLCYyT?ref=telegram
https://divar.ir/v/y8vj0JSgi?ref=telegram
https://divar.ir/v/u3WczCKWi?ref=telegram
https://divar.ir/v/Uv_gBsVlw?ref=telegram
https://divar.ir/v/WONkQ_sor?ref=telegram
https://divar.ir/v/j0V3l0Y-j?ref=telegram
https://divar.ir/v/-iTk_iaXL?ref=telegram
https://divar.ir/v/zjTNtNP3g?ref=telegram
https://divar.ir/v/CCq-0gWZG?ref=telegram
https://divar.ir/v/L2AAM6Chs?ref=telegram
https://divar.ir/v/PdMMTsroc?ref=telegram
https://divar.ir/v/kqXbBOmvB?ref=telegram
https://divar.ir/v/oROXM2h0U?ref=telegram
https://divar.ir/v/S2zokmqLC?ref=telegram
https://divar.ir/v/gzQSt8lkB?ref=telegram
https://divar.ir/v/cE5l40CO8?ref=telegram
https://divar.ir/v/IQhNJHpyn?ref=telegram
https://divar.ir/v/udC6FkLO_?ref=telegram
https://divar.ir/v/nU6RYq7oC?ref=telegram
https://divar.ir/v/xVK-cyO1Z?ref=telegram
https://divar.ir/v/9d7FdJ-Kq?ref=telegram
https://divar.ir/v/-iVsc6oOK?ref=telegram
https://divar.ir/v/VOenzrwoi?ref=telegram
https://divar.ir/v/Pkkr3bBDp?ref=telegram
https://divar.ir/v/vO8Fodhki?ref=telegram
https://divar.ir/v/EskXxWoed?ref=telegram
https://divar.ir/v/02b9cFfj_?ref=telegram
https://divar.ir/v/L894TfusM?ref=telegram
https://divar.ir/v/bnl-c9xf8?ref=telegram
https://divar.ir/v/Wqp-r1NaY?ref=telegram
https://divar.ir/v/48O-qAzYh?ref=telegram
https://divar.ir/v/2BsHI77HO?ref=telegram
https://divar.ir/v/UIYZIt8Nh?ref=telegram
https://divar.ir/v/OUR0FuWWF?ref=telegram
https://divar.ir/v/tUx8gNMrG?ref=telegram
https://divar.ir/v/4NqZYkTNb?ref=telegram
https://divar.ir/v/nDi71Bo7f?ref=telegram
https://divar.ir/v/-bj-DRpVV?ref=telegram
https://divar.ir/v/SeP7bPXAD?ref=telegram
https://divar.ir/v/mOVr4lci-?ref=telegram
https://divar.ir/v/70-HIO4o_?ref=telegram
https://divar.ir/v/gpiyL8FTo?ref=telegram
https://divar.ir/v/WZT-lXDST?ref=telegram
https://divar.ir/v/tQwYPgTC9?ref=telegram
https://divar.ir/v/qIlZtaaml?ref=telegram
https://divar.ir/v/Kd8KpAx24?ref=telegram
https://divar.ir/v/gawFE4FL8?ref=telegram
https://divar.ir/v/BVMaMRaKa?ref=telegram
https://divar.ir/v/083ud7P-_?ref=telegram
https://divar.ir/v/NUUCs1duT?ref=telegram
https://divar.ir/v/gw1cmOQdc?ref=telegram
https://divar.ir/v/wB-Z7j2Iw?ref=telegram
https://divar.ir/v/nM0zVlgCW?ref=telegram
https://divar.ir/v/Y6Kj33CLx?ref=telegram
https://divar.ir/v/ZYZBNAqC3?ref=telegram
https://divar.ir/v/O21-t-zmu?ref=telegram
https://divar.ir/v/DhhLihQLr?ref=telegram
https://divar.ir/v/FhD7pxx5f?ref=telegram
https://divar.ir/v/gtZcwqzO3?ref=telegram
https://divar.ir/v/w1n8w9sdw?ref=telegram
https://divar.ir/v/eS7x9Q8la?ref=telegram
https://divar.ir/v/CO2YX17Ma?ref=telegram
https://divar.ir/v/RqBtfli15?ref=telegram
https://divar.ir/v/A8DJ8m2hq?ref=telegram
https://divar.ir/v/MEP1bRpLg?ref=telegram
https://divar.ir/v/Y19ub8vv1?ref=telegram
https://divar.ir/v/FwcyzOJS_?ref=telegram
https://divar.ir/v/WIRek7K6d?ref=telegram
https://divar.ir/v/Gz6u7YIma?ref=telegram
https://divar.ir/v/zJFWicYnn?ref=telegram
https://divar.ir/v/IVKuiCWS0?ref=telegram
https://divar.ir/v/Xh02obL1k?ref=telegram
https://divar.ir/v/xWOfqwhAm?ref=telegram
https://divar.ir/v/3r8puis2B?ref=telegram
https://divar.ir/v/Z4Fgrgjb5?ref=telegram
https://divar.ir/v/rCtwqm8na?ref=telegram
https://divar.ir/v/128fMfNU3?ref=telegram
https://divar.ir/v/rj3pfsJiw?ref=telegram
https://divar.ir/v/OSIlxzGLg?ref=telegram
https://divar.ir/v/DyfTnprze?ref=telegram
https://divar.ir/v/GIZiPAK7n?ref=telegram
https://divar.ir/v/UPi9cQEC0?ref=telegram
https://divar.ir/v/ukfFwc27w?ref=telegram
https://divar.ir/v/IG6yFw42j?ref=telegram
https://divar.ir/v/U9g1i0oPT?ref=telegram
https://divar.ir/v/zyQynK6cD?ref=telegram
https://divar.ir/v/J6fDa41dn?ref=telegram
https://divar.ir/v/Rqmgkh4qx?ref=telegram
https://divar.ir/v/yljyPABme?ref=telegram
https://divar.ir/v/ZPqd4IBCL?ref=telegram
https://divar.ir/v/EZ1T5zzdb?ref=telegram
https://divar.ir/v/rKHMFGg_v?ref=telegram
https://divar.ir/v/onFsQ05sO?ref=telegram
https://divar.ir/v/EG5RzlLQp?ref=telegram
https://divar.ir/v/oz-TqvUL-?ref=telegram
https://divar.ir/v/VNGQZ1EMT?ref=telegram
https://divar.ir/v/TSMy__Ms-?ref=telegram
https://divar.ir/v/iQZVRO3Xf?ref=telegram
https://divar.ir/v/6Ff2rMTZe?ref=telegram
https://divar.ir/v/CL39u4NKS?ref=telegram
https://divar.ir/v/OWyw02MMB?ref=telegram
https://divar.ir/v/hvpliZHwK?ref=telegram
https://divar.ir/v/uO28-Fyg1?ref=telegram
https://divar.ir/v/I65CT2Qyc?ref=telegram
https://divar.ir/v/2yzM8jngK?ref=telegram
https://divar.ir/v/kcTQMZPNs?ref=telegram
https://divar.ir/v/nQyu0QYVx?ref=telegram
https://divar.ir/v/gBHsKZ2PE?ref=telegram
https://divar.ir/v/hRK0DnJ1W?ref=telegram
https://divar.ir/v/b0RvMtPHs?ref=telegram
https://divar.ir/v/4ZMpT2BA_?ref=telegram
https://divar.ir/v/eBvz9BPyf?ref=telegram
https://divar.ir/v/8O1_9f-hK?ref=telegram
https://divar.ir/v/XWf8flyt_?ref=telegram
https://divar.ir/v/f7kFaGVPG?ref=telegram
https://divar.ir/v/Jplb7e_M6?ref=telegram
https://divar.ir/v/ki18zkHd_?ref=telegram
https://divar.ir/v/CYovxazSu?ref=telegram
https://divar.ir/v/5RqjT8MfG?ref=telegram
https://divar.ir/v/s7b4lRZLq?ref=telegram
https://divar.ir/v/6Y8H_Cjt_?ref=telegram
https://divar.ir/v/QYXYasuCn?ref=telegram
https://divar.ir/v/hEpyPJxsy?ref=telegram
https://divar.ir/v/Wefv_2iHj?ref=telegram
https://divar.ir/v/pYMb-kSNe?ref=telegram
https://divar.ir/v/8AsA4bFPv?ref=telegram
https://divar.ir/v/oFi6R9KS8?ref=telegram
https://divar.ir/v/CmgWX-H0k?ref=telegram
https://divar.ir/v/SUzb-H5Iy?ref=telegram
https://divar.ir/v/1Si-Bq2FU?ref=telegram
https://divar.ir/v/U1vk4HT6i?ref=telegram
https://divar.ir/v/CsIF6tWyp?ref=telegram
https://divar.ir/v/DIM2fwbUr?ref=telegram
https://divar.ir/v/vpqPuLZ4x?ref=telegram
https://divar.ir/v/hm8T8ijUH?ref=telegram
https://divar.ir/v/TuWJXag7v?ref=telegram
https://divar.ir/v/lOh330au4?ref=telegram
https://divar.ir/v/9xmXDVXWd?ref=telegram
https://divar.ir/v/NdmX2w5kV?ref=telegram
https://divar.ir/v/xtfeYsgwY?ref=telegram
https://divar.ir/v/DejerEFB-?ref=telegram
https://divar.ir/v/s50Bb8RNn?ref=telegram
https://divar.ir/v/PqMrT9Gl3?ref=telegram
https://divar.ir/v/vZg2_oY3v?ref=telegram
https://divar.ir/v/1Yo-IO1JB?ref=telegram
https://divar.ir/v/BRNku63Dp?ref=telegram
https://divar.ir/v/Jwh7zbeSu?ref=telegram
https://divar.ir/v/EGtCqYvQb?ref=telegram
https://divar.ir/v/iI82xSNPp?ref=telegram
https://divar.ir/v/AaoH8nI41?ref=telegram
https://divar.ir/v/ALuigO3fL?ref=telegram
https://divar.ir/v/QutI_nsZg?ref=telegram
https://divar.ir/v/321QnvbVX?ref=telegram
https://divar.ir/v/EcEye4MQq?ref=telegram
https://divar.ir/v/jyGzwqwGV?ref=telegram
https://divar.ir/v/5Oj0qqGgH?ref=telegram
https://divar.ir/v/A7CHBamTe?ref=telegram
https://divar.ir/v/o9pzXhpsY?ref=telegram
https://divar.ir/v/7YSx10se-?ref=telegram
https://divar.ir/v/U1lGFqcNG?ref=telegram
https://divar.ir/v/4UztokV8T?ref=telegram
https://divar.ir/v/LpXjPRCY_?ref=telegram
https://divar.ir/v/i2kSsChWu?ref=telegram
https://divar.ir/v/T-dERn-yD?ref=telegram
https://divar.ir/v/qBbc43jf2?ref=telegram
https://divar.ir/v/R4qiWDXTI?ref=telegram
https://divar.ir/v/c8YbhARac?ref=telegram
https://divar.ir/v/sQmNujihn?ref=telegram
https://divar.ir/v/bZ-VyEFNK?ref=telegram
https://divar.ir/v/RoZQ32MnN?ref=telegram
https://divar.ir/v/sE7cUOK3j?ref=telegram
https://divar.ir/v/yrETNJ46U?ref=telegram
https://divar.ir/v/d0Ly3kkxm?ref=telegram
https://divar.ir/v/R1C-NYE-I?ref=telegram
https://divar.ir/v/o5id5sCbd?ref=telegram
https://divar.ir/v/IA8gLGQwW?ref=telegram
https://divar.ir/v/WHTjnOMMu?ref=telegram
https://divar.ir/v/t1uQJfZ4W?ref=telegram
https://divar.ir/v/HHMf7eFpH?ref=telegram
https://divar.ir/v/T2MsU0QzF?ref=telegram
https://divar.ir/v/5fVvhkd8T?ref=telegram
https://divar.ir/v/FakWROURl?ref=telegram
https://divar.ir/v/A1WhXrpyV?ref=telegram
https://divar.ir/v/fRpsNrT0n?ref=telegram
https://divar.ir/v/-UPfmcrbd?ref=telegram
https://divar.ir/v/Ulij9DzGl?ref=telegram
https://divar.ir/v/ltnDrAbHg?ref=telegram
https://divar.ir/v/4Ys9q-O0w?ref=telegram
https://divar.ir/v/23KqKPaiV?ref=telegram
https://divar.ir/v/o5qWSQDgo?ref=telegram
https://divar.ir/v/Ti8cxUfmd?ref=telegram
https://divar.ir/v/frPdhG8i8?ref=telegram
https://divar.ir/v/yw-ydocKW?ref=telegram
https://divar.ir/v/vPlwymBl9?ref=telegram
https://divar.ir/v/rrXltdtRs?ref=telegram
https://divar.ir/v/OoBva1pRB?ref=telegram
https://divar.ir/v/p0YWKkLqI?ref=telegram
https://divar.ir/v/6BvYI3w7H?ref=telegram
https://divar.ir/v/T5TMrOfn3?ref=telegram
https://divar.ir/v/YsuaghXMb?ref=telegram
https://divar.ir/v/u2s8fBepa?ref=telegram
https://divar.ir/v/VdfSJsiST?ref=telegram
https://divar.ir/v/cwWHDoM9u?ref=telegram
https://divar.ir/v/e6MZfkZxE?ref=telegram
https://divar.ir/v/mmr8h-ATh?ref=telegram
https://divar.ir/v/qeT9yT7wk?ref=telegram
https://divar.ir/v/Bi5qllTpk?ref=telegram
https://divar.ir/v/OfAA4wAYV?ref=telegram
https://divar.ir/v/fuTCBl3xe?ref=telegram
https://divar.ir/v/MlHvI-WVN?ref=telegram
https://divar.ir/v/mzdnnrvEe?ref=telegram
https://divar.ir/v/6FQvgurLk?ref=telegram
https://divar.ir/v/FR6yhP95o?ref=telegram
https://divar.ir/v/wy4oAuBsR?ref=telegram
https://divar.ir/v/BljrjwHNb?ref=telegram
https://divar.ir/v/bg_qMzGHA?ref=telegram
https://divar.ir/v/9gkwHPNpg?ref=telegram
https://divar.ir/v/V-ELhGaBI?ref=telegram
https://divar.ir/v/93bfbR6Ts?ref=telegram
https://divar.ir/v/vhEWKQ2Wf?ref=telegram
https://divar.ir/v/aAaVbi5Hp?ref=telegram
https://divar.ir/v/VwQCpF9ZR?ref=telegram
https://divar.ir/v/x35YTCvyM?ref=telegram
https://divar.ir/v/oDmmwS6fO?ref=telegram
https://divar.ir/v/BPqXzVU3R?ref=telegram
https://divar.ir/v/7hShTTF7R?ref=telegram
https://divar.ir/v/spxHu9FYC?ref=telegram
https://divar.ir/v/W18tweZwK?ref=telegram
https://divar.ir/v/Ld0vSraUs?ref=telegram
https://divar.ir/v/tm3S4rZ5T?ref=telegram
https://divar.ir/v/IuWV8_AlN?ref=telegram
https://divar.ir/v/m-PF5GiAh?ref=telegram
https://divar.ir/v/XEKPXvzFj?ref=telegram
https://divar.ir/v/83ZHsEf6_?ref=telegram
https://divar.ir/v/zG80Bnx3k?ref=telegram
https://divar.ir/v/BrIxlkcMZ?ref=telegram
https://divar.ir/v/I35n6UFzz?ref=telegram
https://divar.ir/v/saxUnkNua?ref=telegram
https://divar.ir/v/W-E6AcNxc?ref=telegram
https://divar.ir/v/7WFZBmUGc?ref=telegram
https://divar.ir/v/Mt7FCnCfL?ref=telegram
https://divar.ir/v/K1_Ng9LE6?ref=telegram
https://divar.ir/v/OuXxgAW-G?ref=telegram
https://divar.ir/v/ixeyg8xm4?ref=telegram
https://divar.ir/v/YWioGKM0T?ref=telegram
https://divar.ir/v/h2y_N1e_R?ref=telegram
https://divar.ir/v/vFC-fSYB4?ref=telegram
https://divar.ir/v/34TcDrEM4?ref=telegram
https://divar.ir/v/-hqFqpdbn?ref=telegram
https://divar.ir/v/rXi1UlZVy?ref=telegram
https://divar.ir/v/C7jg7vPph?ref=telegram
https://divar.ir/v/N8Vbu9QLI?ref=telegram
https://divar.ir/v/3NQWl1-GO?ref=telegram
https://divar.ir/v/Zq-20-aVe?ref=telegram
https://divar.ir/v/ltVU19Yiy?ref=telegram
https://divar.ir/v/sicOGInT5?ref=telegram
https://divar.ir/v/OytpW4lQi?ref=telegram
https://divar.ir/v/uydlZbbTF?ref=telegram
https://divar.ir/v/7_Ul7ImdJ?ref=telegram
https://divar.ir/v/cybDxCE8J?ref=telegram
https://divar.ir/v/tSrVZQ5jA?ref=telegram
https://divar.ir/v/YYdBOomvW?ref=telegram
https://divar.ir/v/63Mw8admr?ref=telegram
https://divar.ir/v/UEE9fjyAf?ref=telegram
https://divar.ir/v/9e5zPuFC8?ref=telegram
https://divar.ir/v/-l9wufoJw?ref=telegram
https://divar.ir/v/2F0Y-0Utc?ref=telegram
https://divar.ir/v/JiEFj9pg4?ref=telegram
https://divar.ir/v/nB0hCMI59?ref=telegram
https://divar.ir/v/lLQI2jLsp?ref=telegram
https://divar.ir/v/KrHElKYqa?ref=telegram
https://divar.ir/v/eylkY8H6g?ref=telegram
https://divar.ir/v/Jtdfnp4g5?ref=telegram
https://divar.ir/v/UJJ7EGnfi?ref=telegram
https://divar.ir/v/CToLOpy72?ref=telegram
https://divar.ir/v/MBXGbmBNP?ref=telegram
https://divar.ir/v/t9ZB-XERj?ref=telegram
https://divar.ir/v/TEqcQqe6k?ref=telegram
https://divar.ir/v/pGCbJXFBh?ref=telegram
https://divar.ir/v/nTPmm5afG?ref=telegram
https://divar.ir/v/LJ0Neabcl?ref=telegram
https://divar.ir/v/WgHH6ZILG?ref=telegram
https://divar.ir/v/WAM-h34RM?ref=telegram
https://divar.ir/v/Otlg4mBP6?ref=telegram
https://divar.ir/v/i_npxEgQV?ref=telegram
https://divar.ir/v/8lKR7eqvr?ref=telegram
https://divar.ir/v/nxBwjzGXT?ref=telegram
https://divar.ir/v/1NjiFYglf?ref=telegram
https://divar.ir/v/bZpgWkMHS?ref=telegram
https://divar.ir/v/LFqyCLs8P?ref=telegram
https://divar.ir/v/A4eMlhhD6?ref=telegram
https://divar.ir/v/lg6EtTePi?ref=telegram
https://divar.ir/v/JzqIFsExM?ref=telegram
https://divar.ir/v/JVi28LqAT?ref=telegram
https://divar.ir/v/bQulnODKi?ref=telegram
https://divar.ir/v/xUd9zuO5f?ref=telegram
https://divar.ir/v/fu65gkLeT?ref=telegram
https://divar.ir/v/sQC9fzKzh?ref=telegram
https://divar.ir/v/iH35ky-cP?ref=telegram
https://divar.ir/v/E4A4mRdbN?ref=telegram
https://divar.ir/v/fIY5Exqde?ref=telegram
https://divar.ir/v/twgS8BbMa?ref=telegram
https://divar.ir/v/ph1AyD3gx?ref=telegram
https://divar.ir/v/3HK_jP4MA?ref=telegram
https://divar.ir/v/H99Ooq42u?ref=telegram
https://divar.ir/v/PRZGd6Fay?ref=telegram
https://divar.ir/v/LHCjsim5C?ref=telegram
https://divar.ir/v/FBD1SJLoE?ref=telegram
https://divar.ir/v/gB36J_IW-?ref=telegram
https://divar.ir/v/qeq7969sm?ref=telegram
https://divar.ir/v/fHfc9LOcQ?ref=telegram
https://divar.ir/v/d46hLETRT?ref=telegram
https://divar.ir/v/C_JODMkUm?ref=telegram
https://divar.ir/v/GPBHSpnHA?ref=telegram
https://divar.ir/v/-KoEtJ-ut?ref=telegram
https://divar.ir/v/BSP_Le_go?ref=telegram
https://divar.ir/v/metSAYS7R?ref=telegram
https://divar.ir/v/lxpcy4e0G?ref=telegram
https://divar.ir/v/hKIICVOIK?ref=telegram
https://divar.ir/v/W3sObuRsB?ref=telegram
https://divar.ir/v/Jhd7W_tQA?ref=telegram
https://divar.ir/v/Z7ZMZtoUS?ref=telegram
https://divar.ir/v/E2F8UhnyE?ref=telegram
https://divar.ir/v/1OKf6FZz-?ref=telegram
https://divar.ir/v/XN3p7I2kN?ref=telegram
https://divar.ir/v/bxknaMfZs?ref=telegram
https://divar.ir/v/D9ZjQ8Q95?ref=telegram
https://divar.ir/v/yM5P3Ew-n?ref=telegram
https://divar.ir/v/CBurtklbd?ref=telegram
https://divar.ir/v/-y8BunrJJ?ref=telegram
https://divar.ir/v/JGmQksWRL?ref=telegram
https://divar.ir/v/neKAX8sTo?ref=telegram
https://divar.ir/v/cj1xmCR9H?ref=telegram
https://divar.ir/v/YRvXRbSs1?ref=telegram
https://divar.ir/v/Q1Lraiq4o?ref=telegram
https://divar.ir/v/qehbGl8Gc?ref=telegram
https://divar.ir/v/0l80_-Jsk?ref=telegram
https://divar.ir/v/CCZzQE6Ho?ref=telegram
https://divar.ir/v/3Hxk6QvoM?ref=telegram
https://divar.ir/v/Y7uTJsDRa?ref=telegram
https://divar.ir/v/F031wL25_?ref=telegram
https://divar.ir/v/UkZ3WHGNO?ref=telegram
https://divar.ir/v/j_CPrHUUZ?ref=telegram
https://divar.ir/v/iH774LprO?ref=telegram
https://divar.ir/v/vgGqpWm4b?ref=telegram
https://divar.ir/v/mjiQZGTgV?ref=telegram
https://divar.ir/v/7Fz_wkH_D?ref=telegram
https://divar.ir/v/_ASjNCSXP?ref=telegram
https://divar.ir/v/YjGg7BePL?ref=telegram
https://divar.ir/v/A9tIwvvfD?ref=telegram
https://divar.ir/v/TUbAgs6i0?ref=telegram
https://divar.ir/v/b78ngI6Py?ref=telegram
https://divar.ir/v/dWdlO99YP?ref=telegram
https://divar.ir/v/9QkEjttZA?ref=telegram
https://divar.ir/v/YymR2UWGo?ref=telegram
https://divar.ir/v/tMQIxhC1v?ref=telegram
https://divar.ir/v/RH1drNkwb?ref=telegram
https://divar.ir/v/DpPc4ZJw9?ref=telegram
https://divar.ir/v/_DtSzdRH5?ref=telegram
https://divar.ir/v/D_ATVdPH8?ref=telegram
https://divar.ir/v/Xvo7kd0XH?ref=telegram
https://divar.ir/v/INmTUaerf?ref=telegram
https://divar.ir/v/a45dNMiaT?ref=telegram
https://divar.ir/v/TwQN8m_1H?ref=telegram
https://divar.ir/v/3ZhUxy0V8?ref=telegram
https://divar.ir/v/eoX2Vuf6A?ref=telegram
https://divar.ir/v/e7wRstHtC?ref=telegram
https://divar.ir/v/OIvS4o3wM?ref=telegram
https://divar.ir/v/wtV8835YO?ref=telegram
https://divar.ir/v/5jnbLUqfQ?ref=telegram
https://divar.ir/v/rt-j8DfQO?ref=telegram
https://divar.ir/v/qs2CKIoc6?ref=telegram
https://divar.ir/v/awP-ewPpD?ref=telegram
https://divar.ir/v/_r5_917mo?ref=telegram
https://divar.ir/v/OE6GJs2_Q?ref=telegram
https://divar.ir/v/3NY09_djj?ref=telegram
https://divar.ir/v/7xDOFeNfI?ref=telegram
https://divar.ir/v/ZxEuA_PbF?ref=telegram
https://divar.ir/v/AK5jyi_CB?ref=telegram
https://divar.ir/v/oSRBRdJUd?ref=telegram
https://divar.ir/v/songhT6U-?ref=telegram
https://divar.ir/v/5_rBpi_ff?ref=telegram
https://divar.ir/v/nSDWSBclj?ref=telegram
https://divar.ir/v/cn9mV2tFd?ref=telegram
https://divar.ir/v/Bq9fKhhzB?ref=telegram
https://divar.ir/v/67IQiRAu1?ref=telegram
https://divar.ir/v/MRm2R3Sbn?ref=telegram
https://divar.ir/v/tc8c00iT8?ref=telegram
https://divar.ir/v/fi5mUOLSA?ref=telegram
https://divar.ir/v/YWvcx6W8M?ref=telegram
https://divar.ir/v/6nzcswfDS?ref=telegram
https://divar.ir/v/C6Lw2Bzyp?ref=telegram
https://divar.ir/v/4lNshABOx?ref=telegram
https://divar.ir/v/_RAwNE9Ix?ref=telegram
https://divar.ir/v/b-5aEmKbE?ref=telegram
https://divar.ir/v/sjMzpCI-o?ref=telegram
https://divar.ir/v/9Ln3FRfTL?ref=telegram
https://divar.ir/v/le7M3Pd25?ref=telegram
https://divar.ir/v/VEnuhgkm7?ref=telegram
https://divar.ir/v/S5FFAYiRW?ref=telegram
https://divar.ir/v/WznWDIyeM?ref=telegram
https://divar.ir/v/58bqu61Yt?ref=telegram
https://divar.ir/v/n13HXU4j_?ref=telegram
https://divar.ir/v/16ZcBGKvL?ref=telegram
https://divar.ir/v/GT1hkfxCO?ref=telegram
https://divar.ir/v/R3Hch63zL?ref=telegram
https://divar.ir/v/0inSu19jf?ref=telegram
https://divar.ir/v/AjsyNoT2Q?ref=telegram
https://divar.ir/v/Zdpqo06f0?ref=telegram
https://divar.ir/v/kRV5c70zc?ref=telegram
https://divar.ir/v/AwcmKQQNY?ref=telegram
https://divar.ir/v/SRwOapW9s?ref=telegram
https://divar.ir/v/joY-P6LqE?ref=telegram
https://divar.ir/v/bCefOd77P?ref=telegram
https://divar.ir/v/2iBted7PM?ref=telegram
https://divar.ir/v/mOni62WFQ?ref=telegram
https://divar.ir/v/_gmdgFqmV?ref=telegram
https://divar.ir/v/Muo6zLcmZ?ref=telegram
https://divar.ir/v/MBC3QVjZa?ref=telegram
https://divar.ir/v/Z3_JqOQBH?ref=telegram
https://divar.ir/v/126SnXxcQ?ref=telegram
https://divar.ir/v/aTBHuWsNG?ref=telegram
https://divar.ir/v/wyzH2jyBc?ref=telegram
https://divar.ir/v/C7HadPSuh?ref=telegram
https://divar.ir/v/EDBlhcZ6X?ref=telegram
https://divar.ir/v/_gIttxQzA?ref=telegram
https://divar.ir/v/5tdK_l7x5?ref=telegram
https://divar.ir/v/77BOoEBMM?ref=telegram
https://divar.ir/v/EYDT6Owoc?ref=telegram
https://divar.ir/v/d9A9HE8VF?ref=telegram
https://divar.ir/v/Zw9_L8f7v?ref=telegram
https://divar.ir/v/u8udqJsw1?ref=telegram
https://divar.ir/v/FECshBx_x?ref=telegram
https://divar.ir/v/geJa-Zo8u?ref=telegram
https://divar.ir/v/cT9RwnE8M?ref=telegram
https://divar.ir/v/IjYrJ8uKq?ref=telegram
https://divar.ir/v/r2ytldoq8?ref=telegram
https://divar.ir/v/4RBrh2-S_?ref=telegram
https://divar.ir/v/PrEXzE7FD?ref=telegram
https://divar.ir/v/PBJJ6iq4x?ref=telegram
https://divar.ir/v/Rgn4SAUkZ?ref=telegram
https://divar.ir/v/Bp_Sh7yDf?ref=telegram
https://divar.ir/v/rF0lsx-s0?ref=telegram
https://divar.ir/v/3za84Gm0d?ref=telegram
https://divar.ir/v/y7WvK5rMo?ref=telegram
https://divar.ir/v/nfe_iyHji?ref=telegram
https://divar.ir/v/aQ1SGXJSE?ref=telegram
https://divar.ir/v/_P6Kb7Q8o?ref=telegram
https://divar.ir/v/JV61dfcOY?ref=telegram
https://divar.ir/v/D5eJJDJ3J?ref=telegram
https://divar.ir/v/xknYfNBrE?ref=telegram
https://divar.ir/v/C3-gB3wdZ?ref=telegram
https://divar.ir/v/TqAdDj0Bv?ref=telegram
https://divar.ir/v/yf5Mm8DF9?ref=telegram
https://divar.ir/v/ePQFBdD93?ref=telegram
https://divar.ir/v/CLFo21pvF?ref=telegram
https://divar.ir/v/fNHufIeSx?ref=telegram
https://divar.ir/v/hw6tRFd3z?ref=telegram
https://divar.ir/v/I38W5wKTm?ref=telegram
https://divar.ir/v/JgRyWUrGm?ref=telegram
https://divar.ir/v/HxWnoqlbf?ref=telegram
https://divar.ir/v/8LOoT0XnT?ref=telegram
https://divar.ir/v/5FYe4G8rQ?ref=telegram
https://divar.ir/v/ZJOWYn5R9?ref=telegram
https://divar.ir/v/lPyyFj8wl?ref=telegram
https://divar.ir/v/2ntfVY0na?ref=telegram
https://divar.ir/v/-_zismV3r?ref=telegram
https://divar.ir/v/hBBQbxjpq?ref=telegram
https://divar.ir/v/cB5aFHaUL?ref=telegram
https://divar.ir/v/Yr1acsm7J?ref=telegram
https://divar.ir/v/_-vyVVdaJ?ref=telegram
https://divar.ir/v/JjvvtacUE?ref=telegram
https://divar.ir/v/cJ3iMhbf1?ref=telegram
https://divar.ir/v/zwHpTn5fM?ref=telegram
https://divar.ir/v/PQ7hNg4cW?ref=telegram
https://divar.ir/v/m-Edo2-Sl?ref=telegram
https://divar.ir/v/RWydEN7oz?ref=telegram
https://divar.ir/v/JNle9KMI5?ref=telegram
https://divar.ir/v/e5JiYaulV?ref=telegram
https://divar.ir/v/aIiRDX8XU?ref=telegram
https://divar.ir/v/2-GhDB_2O?ref=telegram
https://divar.ir/v/R1ztJpwmP?ref=telegram
https://divar.ir/v/R5RDJ7aG8?ref=telegram
https://divar.ir/v/hSkB3GhnM?ref=telegram
https://divar.ir/v/9UTISRk6t?ref=telegram
https://divar.ir/v/95WAOUSQn?ref=telegram
https://divar.ir/v/fuOgqEu3A?ref=telegram
https://divar.ir/v/fCzJpQ8iU?ref=telegram
https://divar.ir/v/KqA48ZTl4?ref=telegram
https://divar.ir/v/ovJODtx-C?ref=telegram
https://divar.ir/v/s2a5xT9ha?ref=telegram
https://divar.ir/v/x047FpeAs?ref=telegram
https://divar.ir/v/AerHQSbc1?ref=telegram
https://divar.ir/v/bEHj5cuAh?ref=telegram
https://divar.ir/v/vtrZLJWEk?ref=telegram
https://divar.ir/v/abJLOEQ13?ref=telegram
https://divar.ir/v/Kh7toNozc?ref=telegram
https://divar.ir/v/N4bIoxsYY?ref=telegram
https://divar.ir/v/qLhw2u-Tp?ref=telegram
https://divar.ir/v/dP_mSjjOU?ref=telegram
https://divar.ir/v/EdF3PAcHC?ref=telegram
https://divar.ir/v/JoULve4I5?ref=telegram
https://divar.ir/v/B4CG3zJbi?ref=telegram
https://divar.ir/v/nhN-v2SFe?ref=telegram
https://divar.ir/v/-zeZdUNjB?ref=telegram
https://divar.ir/v/EgRoGfxKm?ref=telegram
https://divar.ir/v/CupyjGLtp?ref=telegram
https://divar.ir/v/WQVNtMb0v?ref=telegram
https://divar.ir/v/2H08U9Kpp?ref=telegram
https://divar.ir/v/E0Rx5ZvGz?ref=telegram
https://divar.ir/v/78aEOfLoI?ref=telegram
https://divar.ir/v/43e0gpVlU?ref=telegram
https://divar.ir/v/SIJEOuxxk?ref=telegram
https://divar.ir/v/Q2tlbA1Er?ref=telegram
https://divar.ir/v/j2OxzJ8Ne?ref=telegram
https://divar.ir/v/QWpsrEACf?ref=telegram
https://divar.ir/v/x5VW5794-?ref=telegram
https://divar.ir/v/2KrCoLbXp?ref=telegram
https://divar.ir/v/a6gsOc-hM?ref=telegram
https://divar.ir/v/WrD16lBDq?ref=telegram
https://divar.ir/v/5mUSlURHq?ref=telegram
https://divar.ir/v/XXPPPHlHF?ref=telegram
https://divar.ir/v/p19tKxPFJ?ref=telegram
https://divar.ir/v/zC_nOZXmk?ref=telegram
https://divar.ir/v/kl5EJIKql?ref=telegram
https://divar.ir/v/fcErnsKii?ref=telegram
https://divar.ir/v/X_JpHiE2r?ref=telegram
https://divar.ir/v/NhxLKwmQd?ref=telegram
https://divar.ir/v/zpjtonEXH?ref=telegram
https://divar.ir/v/f2nzRy46m?ref=telegram
https://divar.ir/v/bcM9CXXKL?ref=telegram
https://divar.ir/v/SFURs1Cno?ref=telegram
https://divar.ir/v/tu0GkT-Qx?ref=telegram
https://divar.ir/v/NrfOe754Q?ref=telegram
https://divar.ir/v/f1bIvV7IH?ref=telegram
https://divar.ir/v/10AOuAfoc?ref=telegram
https://divar.ir/v/GjNECqidn?ref=telegram
https://divar.ir/v/UsKq7gKY3?ref=telegram
https://divar.ir/v/koWxvXu4s?ref=telegram
https://divar.ir/v/cLzPAZLAd?ref=telegram
https://divar.ir/v/XrwAtSpks?ref=telegram
https://divar.ir/v/Z4N357sXp?ref=telegram
https://divar.ir/v/LciJFOtL0?ref=telegram
https://divar.ir/v/EHchM9SvQ?ref=telegram
https://divar.ir/v/UTdwW8QmT?ref=telegram
https://divar.ir/v/2oRP1GYPy?ref=telegram
https://divar.ir/v/2oRP1GYPy?ref=telegram
https://divar.ir/v/gAmM9v-iT?ref=telegram
https://divar.ir/v/xRQU325m1?ref=telegram
https://divar.ir/v/GRwWLCOKv?ref=telegram
https://divar.ir/v/ZVUYaiimX?ref=telegram
https://divar.ir/v/Hn1uCXSGn?ref=telegram
https://divar.ir/v/PSv9xx3ln?ref=telegram
https://divar.ir/v/eivE-F3JP?ref=telegram
https://divar.ir/v/tNiqaVWmn?ref=telegram
https://divar.ir/v/Mvcu3s5bS?ref=telegram
https://divar.ir/v/k24XMDWti?ref=telegram
https://divar.ir/v/18982o0n5?ref=telegram
https://divar.ir/v/LciJFOtL0?ref=telegram
https://divar.ir/v/XTe54xyMk?ref=telegram
https://divar.ir/v/UTdwW8QmT?ref=telegram
https://divar.ir/v/2oRP1GYPy?ref=telegram
https://divar.ir/v/2oRP1GYPy?ref=telegram
https://divar.ir/v/gAmM9v-iT?ref=telegram
https://divar.ir/v/xRQU325m1?ref=telegram
https://divar.ir/v/Y8qizJheh?ref=telegram
https://divar.ir/v/gORjfZuHM?ref=telegram
https://divar.ir/v/9ztAGIwM5?ref=telegram
https://divar.ir/v/LciJFOtL0?ref=telegram
https://divar.ir/v/eivE-F3JP?ref=telegram
https://divar.ir/v/Z4N357sXp?ref=telegram
https://divar.ir/v/LciJFOtL0?ref=telegram
https://divar.ir/v/Lg4G8P3gJ?ref=telegram
https://divar.ir/v/UTdwW8QmT?ref=telegram
https://divar.ir/v/2oRP1GYPy?ref=telegram
https://divar.ir/v/2oRP1GYPy?ref=telegram
https://divar.ir/v/gAmM9v-iT?ref=telegram
https://divar.ir/v/xRQU325m1?ref=telegram
https://divar.ir/v/HMmThzZ_t?ref=telegram
https://divar.ir/v/3IJlTeviA?ref=telegram
https://divar.ir/v/ql4x-A8yJ?ref=telegram
https://divar.ir/v/tNiqaVWmn?ref=telegram
https://divar.ir/v/EcAFNJ-7e?ref=telegram
https://divar.ir/v/mO3RJGNbc?ref=telegram
https://divar.ir/v/Z4N357sXp?ref=telegram
https://divar.ir/v/LciJFOtL0?ref=telegram
https://divar.ir/v/XTe54xyMk?ref=telegram
https://divar.ir/v/UTdwW8QmT?ref=telegram
https://divar.ir/v/r45nVSIOK?ref=telegram
https://divar.ir/v/2oRP1GYPy?ref=telegram
https://divar.ir/v/gAmM9v-iT?ref=telegram
https://divar.ir/v/xRQU325m1?ref=telegram
https://divar.ir/v/tCqHINNZW?ref=telegram
https://divar.ir/v/ZiW9Iy48X?ref=telegram
https://divar.ir/v/K35ywaxKp?ref=telegram
https://divar.ir/v/LciJFOtL0?ref=telegram
https://divar.ir/v/eivE-F3JP?ref=telegram
https://divar.ir/v/tNiqaVWmn?ref=telegram
https://divar.ir/v/fdBU1nYWB?ref=telegram
https://divar.ir/v/-RvxbGbTx?ref=telegram
https://divar.ir/v/Z4N357sXp?ref=telegram
https://divar.ir/v/LciJFOtL0?ref=telegram
https://divar.ir/v/XTe54xyMk?ref=telegram
https://divar.ir/v/UTdwW8QmT?ref=telegram
https://divar.ir/v/qEQ2sm7W5?ref=telegram
https://divar.ir/v/2oRP1GYPy?ref=telegram
https://divar.ir/v/gAmM9v-iT?ref=telegram
https://divar.ir/v/xRQU325m1?ref=telegram
https://divar.ir/v/x72khg4qQ?ref=telegram
https://divar.ir/v/wYPFZpm6X?ref=telegram
https://divar.ir/v/K35ywaxKp?ref=telegram
https://divar.ir/v/LciJFOtL0?ref=telegram
https://divar.ir/v/eivE-F3JP?ref=telegram
https://divar.ir/v/tNiqaVWmn?ref=telegram
https://divar.ir/v/O0K0v8d-s?ref=telegram
https://divar.ir/v/HT7yrOWFU?ref=telegram
https://divar.ir/v/Z4N357sXp?ref=telegram
https://divar.ir/v/LciJFOtL0?ref=telegram
https://divar.ir/v/XTe54xyMk?ref=telegram
https://divar.ir/v/UTdwW8QmT?ref=telegram
https://divar.ir/v/2oRP1GYPy?ref=telegram
https://divar.ir/v/2oRP1GYPy?ref=telegram
https://divar.ir/v/gAmM9v-iT?ref=telegram
https://divar.ir/v/xRQU325m1?ref=telegram
https://divar.ir/v/XthP21Mlw?ref=telegram
https://divar.ir/v/Qp3Bu9BN0?ref=telegram
https://divar.ir/v/_59D2Slft?ref=telegram
https://divar.ir/v/jELksSDma?ref=telegram
https://divar.ir/v/RMoejgJRp?ref=telegram
https://divar.ir/v/zhw0AZJ-i?ref=telegram
https://divar.ir/v/pq2kZLuGH?ref=telegram
https://divar.ir/v/WN-x8K6Xg?ref=telegram
https://divar.ir/v/0cnWsGu4b?ref=telegram
https://divar.ir/v/tUSkA2XD6?ref=telegram
https://divar.ir/v/CLSoJcIWL?ref=telegram
https://divar.ir/v/CrGxWUGIF?ref=telegram
https://divar.ir/v/E6jzypNdo?ref=telegram
https://divar.ir/v/F_ncw0MbE?ref=telegram
https://divar.ir/v/dCyoX6KMW?ref=telegram
https://divar.ir/v/uKc3hEy0j?ref=telegram
https://divar.ir/v/oCmmcUwsX?ref=telegram
https://divar.ir/v/GBIEmoOE0?ref=telegram
https://divar.ir/v/plbwowgZj?ref=telegram
https://divar.ir/v/1wTpTr_AY?ref=telegram
https://divar.ir/v/o6Z8SZ9Zx?ref=telegram
https://divar.ir/v/nbYlLtNnN?ref=telegram
https://divar.ir/v/2YE31KNUv?ref=telegram
https://divar.ir/v/huX4U8zFG?ref=telegram
https://divar.ir/v/OkYqzH_fU?ref=telegram
https://divar.ir/v/5Fun7F7tT?ref=telegram
https://divar.ir/v/1Hgdr1a7O?ref=telegram
https://divar.ir/v/BT-5iWEMP?ref=telegram
https://divar.ir/v/oeoX9l0et?ref=telegram
https://divar.ir/v/kCJ2z6LCX?ref=telegram
https://divar.ir/v/qFrluq84D?ref=telegram
https://divar.ir/v/em-79LtQ_?ref=telegram
https://divar.ir/v/voKhftucq?ref=telegram
https://divar.ir/v/Wm5OhHgx_?ref=telegram
https://divar.ir/v/szprE1OCD?ref=telegram
https://divar.ir/v/0BaiAbpiC?ref=telegram
https://divar.ir/v/0BaiAbpiC?ref=telegram
https://divar.ir/v/9cI4JpSMk?ref=telegram
https://divar.ir/v/85svFK80W?ref=telegram
https://divar.ir/v/85svFK80W?ref=telegram
https://divar.ir/v/4bkq8O7XH?ref=telegram
https://divar.ir/v/jqUepPwkW?ref=telegram
https://divar.ir/v/jqUepPwkW?ref=telegram
https://divar.ir/v/6tEHyJsjw?ref=telegram
https://divar.ir/v/dtYIuIwLo?ref=telegram
https://divar.ir/v/xjZe_FxyL?ref=telegram
https://divar.ir/v/4L8MHSPRu?ref=telegram
https://divar.ir/v/B1xW5d_IE?ref=telegram
https://divar.ir/v/k1mT4-e70?ref=telegram
https://divar.ir/v/k1mT4-e70?ref=telegram
https://divar.ir/v/iXarnLqIS?ref=telegram
https://divar.ir/v/1M0je0P-V?ref=telegram
https://divar.ir/v/1M0je0P-V?ref=telegram
https://divar.ir/v/-ifEsuBKR?ref=telegram
https://divar.ir/v/i7buf0ENd?ref=telegram
https://divar.ir/v/aRNqcYBFj?ref=telegram
https://divar.ir/v/De9Wd4CNn?ref=telegram
https://divar.ir/v/De9Wd4CNn?ref=telegram
https://divar.ir/v/MbXy08c_Q?ref=telegram
https://divar.ir/v/KQVTFYGsC?ref=telegram
https://divar.ir/v/KQVTFYGsC?ref=telegram
https://divar.ir/v/V3F5v2k5w?ref=telegram
https://divar.ir/v/rR-ZGBte7?ref=telegram
https://divar.ir/v/rR-ZGBte7?ref=telegram
https://divar.ir/v/Bq7QzpNq4?ref=telegram
https://divar.ir/v/nQXx7r2-W?ref=telegram
https://divar.ir/v/nQXx7r2-W?ref=telegram
https://divar.ir/v/s3A3zzMfl?ref=telegram
https://divar.ir/v/s3A3zzMfl?ref=telegram
https://divar.ir/v/d3gyM0C9G?ref=telegram
https://divar.ir/v/d3gyM0C9G?ref=telegram
https://divar.ir/v/ODXAMo9W7?ref=telegram
https://divar.ir/v/ODXAMo9W7?ref=telegram
https://divar.ir/v/xOI66zL4K?ref=telegram
https://divar.ir/v/xOI66zL4K?ref=telegram
https://divar.ir/v/MFE_HoTdY?ref=telegram
https://divar.ir/v/tP1tSIWyi?ref=telegram
https://divar.ir/v/tP1tSIWyi?ref=telegram
https://divar.ir/v/GweEWyyjD?ref=telegram
https://divar.ir/v/rtg8ksVLZ?ref=telegram
https://divar.ir/v/hC-nxFxj1?ref=telegram
https://divar.ir/v/1MULoe7zj?ref=telegram
https://divar.ir/v/ouwU_d-oA?ref=telegram
https://divar.ir/v/xOI66zL4K?ref=telegram
https://divar.ir/v/qXq5p03pp?ref=telegram
https://divar.ir/v/Szy1c4NgA?ref=telegram
https://divar.ir/v/CinJYUTXM?ref=telegram
https://divar.ir/v/C_JODMkUm?ref=telegram