
['09398308035', '09308282704']
['09398308035', '09308282704']
['09398308035', '09308282704']
['09127000610', '09127000616']
['09195782209', '09102989981']
['09195782209', '09102989981']
['09195782209', '09102989981']
['09127000610', '09127000616']
['09127000610', '09127000616']
['09331109795', '09190113068']
['09198697990', '09195100797']
['09127000610', '09127000616']
['09121402777']
['09127000610', '09127000616']
['09226235103']
['09016875774']
['09123851149']
['09106188646']
['09354410753']
['09120792579']
['09309952607']
['09359004872']
['09378556763']
['09197762688']
['09378556763']
['09100770884']
['09100770884']
['09190113068']
['09215963491']
['09102225578']
['09125772757']
['09195556285']
['09215963491']
['09351134855']
['09331109795', '09190113068']
['09125700097']
['09352929190']
['09014370187']
['09397722285', '09901615582']
['09127681327']
['09357321645']
['09198697990', '09195100797']
['09196003368']
['09109258561']
['09120246031']
['09119192019']
['09128395329']
['09127681327']
['09357321645']
['09198697990', '09195100797']
['09122511147']
['09122511147']
['09122511147']
['09122511147']
[<generator object contentNotExistInBlackList.<locals>.<genexpr> at 0x000000DC7E664FC0>]
['09122511147']
[<generator object contentNotExistInBlackList.<locals>.<genexpr> at 0x0000001069704FC0>]
['09122511147']
[<generator object contentNotExistInBlackList.<locals>.<genexpr> at 0x000000DEEFDB4F68>]
['09122511147']
['09122511147']
9122511147
['09122511147']
9122511147
['09122511147']
9122511147
['09122511147']
9122511147
['09122511147']
9122511147
['09122511147']
9122511147
['09122511147']
9122511147
['09122511147']
9122511147
['09122511147']
9122511147
['09122511147']
9122511147
['09122511147']
9122511147
['09122511147']
9122511147
['09122511147']
9122511147
['09122511147']
09122511147
['09122511147']
09122511147
['09122511147']
['09122511147']
['09122511147']
['09122511147']
09028388419
09028388419
['09196925503']
['09123751387']
09128438340
['09364357012', '09160709127']
09369211968
['09106780633']
['09126707139']
09124830812
['09115825866']
09361319381
09361319381
['09351300185']
['09127032648']
['09127177296']
['09127177296']
09391055177
['09361345881', '09120039490']
09212989401
['09126183396']
09361708825
['09127157841']
['09354141119']
['09226235103']
['09191184125']
['09190113068', '09331109795']
['09122838275']
['09199003170']
09338304043
['09106953527']
['09195556285']
['09125879912']
['09122960981']
['09124404328']
09369211968
['09127032648']
09363025277
09363025277
09199387084
['09384425917']
09126301004
['09120287199', '09129241161']
['09027289849']
['09120287199', '09129241161']
02177879755
09128438340
09125160551
['09190118698']
09126877492
['09125006292']
['09365363119']
['09125082057']
09126987609
08120814516
['09193167015']